# JRE version: Java(TM) SE Runtime Environment (8.0_31-b13) (build 1.8.0_31-b13)
# Java VM: Java HotSpot(TM) Client VM (25.31-b07 mixed mode windows-x86 )
Heap:
 def new generation   total 25344K, used 13970K [0x03c00000, 0x05770000, 0x19150000)
  eden space 22592K,  49% used [0x03c00000, 0x046f4aa0, 0x05210000)
  from space 2752K, 100% used [0x05210000, 0x054c0000, 0x054c0000)
  to   space 2752K,   0% used [0x054c0000, 0x054c0000, 0x05770000)
 tenured generation   total 56044K, used 49023K [0x19150000, 0x1c80b000, 0x43c00000)
   the space 56044K,  87% used [0x19150000, 0x1c12fc40, 0x1c12fe00, 0x1c80b000)
 Metaspace       used 39128K, capacity 40510K, committed 40576K, reserved 41344K
GC Heap History (10 events):
Event: 1353.540 GC heap before
{Heap before GC invocations=136 (full 6):
 def new generation   total 25344K, used 23376K [0x03c00000, 0x05770000, 0x19150000)
  eden space 22592K, 100% used [0x03c00000, 0x05210000, 0x05210000)
  from space 2752K,  28% used [0x054c0000, 0x055841b8, 0x05770000)
  to   space 2752K,   0% used [0x05210000, 0x05210000, 0x054c0000)
 tenured generation   total 56044K, used 40929K [0x19150000, 0x1c80b000, 0x43c00000)
   the space 56044K,  73% used [0x19150000, 0x1b9485d0, 0x1b948600, 0x1c80b000)
 Metaspace       used 38553K, capacity 39912K, committed 39936K, reserved 40320K
Event: 1353.553 GC heap after
Heap after GC invocations=137 (full 6):
 def new generation   total 25344K, used 2573K [0x03c00000, 0x05770000, 0x19150000)
  eden space 22592K,   0% used [0x03c00000, 0x03c00000, 0x05210000)
  from space 2752K,  93% used [0x05210000, 0x054937c0, 0x054c0000)
  to   space 2752K,   0% used [0x054c0000, 0x054c0000, 0x05770000)
 tenured generation   total 56044K, used 40929K [0x19150000, 0x1c80b000, 0x43c00000)
   the space 56044K,  73% used [0x19150000, 0x1b9485d0, 0x1b948600, 0x1c80b000)
 Metaspace       used 38553K, capacity 39912K, committed 39936K, reserved 40320K
}
Event: 1354.242 GC heap before
{Heap before GC invocations=137 (full 6):
 def new generation   total 25344K, used 25165K [0x03c00000, 0x05770000, 0x19150000)
  eden space 22592K, 100% used [0x03c00000, 0x05210000, 0x05210000)
  from space 2752K,  93% used [0x05210000, 0x054937c0, 0x054c0000)
  to   space 2752K,   0% used [0x054c0000, 0x054c0000, 0x05770000)
 tenured generation   total 56044K, used 40929K [0x19150000, 0x1c80b000, 0x43c00000)
   the space 56044K,  73% used [0x19150000, 0x1b9485d0, 0x1b948600, 0x1c80b000)
 Metaspace       used 38553K, capacity 39912K, committed 39936K, reserved 40320K
Event: 1354.256 GC heap after
Heap after GC invocations=138 (full 6):
 def new generation   total 25344K, used 432K [0x03c00000, 0x05770000, 0x19150000)
  eden space 22592K,   0% used [0x03c00000, 0x03c00000, 0x05210000)
  from space 2752K,  15% used [0x054c0000, 0x0552c0f0, 0x05770000)
  to   space 2752K,   0% used [0x05210000, 0x05210000, 0x054c0000)
 tenured generation   total 56044K, used 43430K [0x19150000, 0x1c80b000, 0x43c00000)
   the space 56044K,  77% used [0x19150000, 0x1bbb9aa8, 0x1bbb9c00, 0x1c80b000)
 Metaspace       used 38553K, capacity 39912K, committed 39936K, reserved 40320K
}
Event: 1356.121 GC heap before
{Heap before GC invocations=138 (full 6):
 def new generation   total 25344K, used 23024K [0x03c00000, 0x05770000, 0x19150000)
  eden space 22592K, 100% used [0x03c00000, 0x05210000, 0x05210000)
  from space 2752K,  15% used [0x054c0000, 0x0552c0f0, 0x05770000)
  to   space 2752K,   0% used [0x05210000, 0x05210000, 0x054c0000)
 tenured generation   total 56044K, used 43430K [0x19150000, 0x1c80b000, 0x43c00000)
   the space 56044K,  77% used [0x19150000, 0x1bbb9aa8, 0x1bbb9c00, 0x1c80b000)
 Metaspace       used 38570K, capacity 39942K, committed 40064K, reserved 40320K
Event: 1356.129 GC heap after
Heap after GC invocations=139 (full 6):
 def new generation   total 25344K, used 1429K [0x03c00000, 0x05770000, 0x19150000)
  eden space 22592K,   0% used [0x03c00000, 0x03c00000, 0x05210000)
  from space 2752K,  51% used [0x05210000, 0x05375788, 0x054c0000)
  to   space 2752K,   0% used [0x054c0000, 0x054c0000, 0x05770000)
 tenured generation   total 56044K, used 43430K [0x19150000, 0x1c80b000, 0x43c00000)
   the space 56044K,  77% used [0x19150000, 0x1bbb9aa8, 0x1bbb9c00, 0x1c80b000)
 Metaspace       used 38570K, capacity 39942K, committed 40064K, reserved 40320K
}
Event: 1362.329 GC heap before
{Heap before GC invocations=139 (full 6):
 def new generation   total 25344K, used 24021K [0x03c00000, 0x05770000, 0x19150000)
  eden space 22592K, 100% used [0x03c00000, 0x05210000, 0x05210000)
  from space 2752K,  51% used [0x05210000, 0x05375788, 0x054c0000)
  to   space 2752K,   0% used [0x054c0000, 0x054c0000, 0x05770000)
 tenured generation   total 56044K, used 43430K [0x19150000, 0x1c80b000, 0x43c00000)
   the space 56044K,  77% used [0x19150000, 0x1bbb9aa8, 0x1bbb9c00, 0x1c80b000)
 Metaspace       used 38944K, capacity 40337K, committed 40448K, reserved 41344K
Event: 1362.350 GC heap after
Heap after GC invocations=140 (full 6):
 def new generation   total 25344K, used 2752K [0x03c00000, 0x05770000, 0x19150000)
  eden space 22592K,   0% used [0x03c00000, 0x03c00000, 0x05210000)
  from space 2752K, 100% used [0x054c0000, 0x05770000, 0x05770000)
  to   space 2752K,   0% used [0x05210000, 0x05210000, 0x054c0000)
 tenured generation   total 56044K, used 44392K [0x19150000, 0x1c80b000, 0x43c00000)
   the space 56044K,  79% used [0x19150000, 0x1bcaa090, 0x1bcaa200, 0x1c80b000)
 Metaspace       used 38944K, capacity 40337K, committed 40448K, reserved 41344K
}
Event: 1363.109 GC heap before
{Heap before GC invocations=140 (full 6):
 def new generation   total 25344K, used 25344K [0x03c00000, 0x05770000, 0x19150000)
  eden space 22592K, 100% used [0x03c00000, 0x05210000, 0x05210000)
  from space 2752K, 100% used [0x054c0000, 0x05770000, 0x05770000)
  to   space 2752K,   0% used [0x05210000, 0x05210000, 0x054c0000)
 tenured generation   total 56044K, used 44392K [0x19150000, 0x1c80b000, 0x43c00000)
   the space 56044K,  79% used [0x19150000, 0x1bcaa090, 0x1bcaa200, 0x1c80b000)
 Metaspace       used 38986K, capacity 40369K, committed 40448K, reserved 41344K
Event: 1363.202 GC heap after
Heap after GC invocations=141 (full 6):
 def new generation   total 25344K, used 2752K [0x03c00000, 0x05770000, 0x19150000)
  eden space 22592K,   0% used [0x03c00000, 0x03c00000, 0x05210000)
  from space 2752K, 100% used [0x05210000, 0x054c0000, 0x054c0000)
  to   space 2752K,   0% used [0x054c0000, 0x054c0000, 0x05770000)
 tenured generation   total 56044K, used 49023K [0x19150000, 0x1c80b000, 0x43c00000)
   the space 56044K,  87% used [0x19150000, 0x1c12fc40, 0x1c12fe00, 0x1c80b000)
 Metaspace       used 38986K, capacity 40369K, committed 40448K, reserved 41344K
}

