# JRE version: Java(TM) SE Runtime Environment (8.0_31-b13) (build 1.8.0_31-b13)
# Java VM: Java HotSpot(TM) Client VM (25.31-b07 mixed mode windows-x86 )
Heap:
 def new generation   total 32704K, used 8829K [0x03a00000, 0x05d70000, 0x18f50000)
  eden space 29120K,  18% used [0x03a00000, 0x03f1f4a8, 0x05670000)
  from space 3584K, 100% used [0x059f0000, 0x05d70000, 0x05d70000)
  to   space 3584K,   0% used [0x05670000, 0x05670000, 0x059f0000)
 tenured generation   total 72396K, used 45651K [0x18f50000, 0x1d603000, 0x43a00000)
   the space 72396K,  63% used [0x18f50000, 0x1bbe4d18, 0x1bbe4e00, 0x1d603000)
 Metaspace       used 36184K, capacity 37339K, committed 37504K, reserved 38272K
GC Heap History (10 events):
Event: 25.439 GC heap before
{Heap before GC invocations=103 (full 4):
 def new generation   total 20288K, used 19982K [0x03a00000, 0x05000000, 0x18f50000)
  eden space 18048K, 100% used [0x03a00000, 0x04ba0000, 0x04ba0000)
  from space 2240K,  86% used [0x04dd0000, 0x04fb3800, 0x05000000)
  to   space 2240K,   0% used [0x04ba0000, 0x04ba0000, 0x04dd0000)
 tenured generation   total 44832K, used 42461K [0x18f50000, 0x1bb18000, 0x43a00000)
   the space 44832K,  94% used [0x18f50000, 0x1b8c77e0, 0x1b8c7800, 0x1bb18000)
 Metaspace       used 35084K, capacity 36219K, committed 36224K, reserved 36224K
Event: 25.446 GC heap after
Heap after GC invocations=104 (full 4):
 def new generation   total 20288K, used 684K [0x03a00000, 0x05000000, 0x18f50000)
  eden space 18048K,   0% used [0x03a00000, 0x03a00000, 0x04ba0000)
  from space 2240K,  30% used [0x04ba0000, 0x04c4b3c8, 0x04dd0000)
  to   space 2240K,   0% used [0x04dd0000, 0x04dd0000, 0x05000000)
 tenured generation   total 44832K, used 43400K [0x18f50000, 0x1bb18000, 0x43a00000)
   the space 44832K,  96% used [0x18f50000, 0x1b9b2320, 0x1b9b2400, 0x1bb18000)
 Metaspace       used 35084K, capacity 36219K, committed 36224K, reserved 36224K
}
Event: 25.801 GC heap before
{Heap before GC invocations=104 (full 4):
 def new generation   total 20288K, used 18732K [0x03a00000, 0x05000000, 0x18f50000)
  eden space 18048K, 100% used [0x03a00000, 0x04ba0000, 0x04ba0000)
  from space 2240K,  30% used [0x04ba0000, 0x04c4b3c8, 0x04dd0000)
  to   space 2240K,   0% used [0x04dd0000, 0x04dd0000, 0x05000000)
 tenured generation   total 44832K, used 43400K [0x18f50000, 0x1bb18000, 0x43a00000)
   the space 44832K,  96% used [0x18f50000, 0x1b9b2320, 0x1b9b2400, 0x1bb18000)
 Metaspace       used 35084K, capacity 36219K, committed 36224K, reserved 36224K
Event: 25.805 GC heap after
Heap after GC invocations=105 (full 4):
 def new generation   total 20288K, used 595K [0x03a00000, 0x05000000, 0x18f50000)
  eden space 18048K,   0% used [0x03a00000, 0x03a00000, 0x04ba0000)
  from space 2240K,  26% used [0x04dd0000, 0x04e64e88, 0x05000000)
  to   space 2240K,   0% used [0x04ba0000, 0x04ba0000, 0x04dd0000)
 tenured generation   total 44832K, used 43400K [0x18f50000, 0x1bb18000, 0x43a00000)
   the space 44832K,  96% used [0x18f50000, 0x1b9b2320, 0x1b9b2400, 0x1bb18000)
 Metaspace       used 35084K, capacity 36219K, committed 36224K, reserved 36224K
}
Event: 26.236 GC heap before
{Heap before GC invocations=105 (full 4):
 def new generation   total 20288K, used 18643K [0x03a00000, 0x05000000, 0x18f50000)
  eden space 18048K, 100% used [0x03a00000, 0x04ba0000, 0x04ba0000)
  from space 2240K,  26% used [0x04dd0000, 0x04e64e88, 0x05000000)
  to   space 2240K,   0% used [0x04ba0000, 0x04ba0000, 0x04dd0000)
 tenured generation   total 44832K, used 43400K [0x18f50000, 0x1bb18000, 0x43a00000)
   the space 44832K,  96% used [0x18f50000, 0x1b9b2320, 0x1b9b2400, 0x1bb18000)
 Metaspace       used 35421K, capacity 36570K, committed 36608K, reserved 37248K
Event: 26.249 GC heap after
Heap after GC invocations=106 (full 4):
 def new generation   total 20288K, used 2240K [0x03a00000, 0x05000000, 0x18f50000)
  eden space 18048K,   0% used [0x03a00000, 0x03a00000, 0x04ba0000)
  from space 2240K, 100% used [0x04ba0000, 0x04dd0000, 0x04dd0000)
  to   space 2240K,   0% used [0x04dd0000, 0x04dd0000, 0x05000000)
 tenured generation   total 44832K, used 44055K [0x18f50000, 0x1bb18000, 0x43a00000)
   the space 44832K,  98% used [0x18f50000, 0x1ba55e68, 0x1ba56000, 0x1bb18000)
 Metaspace       used 35421K, capacity 36570K, committed 36608K, reserved 37248K
}
Event: 26.824 GC heap before
{Heap before GC invocations=106 (full 4):
 def new generation   total 20288K, used 20288K [0x03a00000, 0x05000000, 0x18f50000)
  eden space 18048K, 100% used [0x03a00000, 0x04ba0000, 0x04ba0000)
  from space 2240K, 100% used [0x04ba0000, 0x04dd0000, 0x04dd0000)
  to   space 2240K,   0% used [0x04dd0000, 0x04dd0000, 0x05000000)
 tenured generation   total 44832K, used 44055K [0x18f50000, 0x1bb18000, 0x43a00000)
   the space 44832K,  98% used [0x18f50000, 0x1ba55e68, 0x1ba56000, 0x1bb18000)
 Metaspace       used 36014K, capacity 37171K, committed 37248K, reserved 37248K
Event: 27.044 GC heap after
Heap after GC invocations=107 (full 5):
 def new generation   total 32704K, used 0K [0x03a00000, 0x05d70000, 0x18f50000)
  eden space 29120K,   0% used [0x03a00000, 0x03a00000, 0x05670000)
  from space 3584K,   0% used [0x05670000, 0x05670000, 0x059f0000)
  to   space 3584K,   0% used [0x059f0000, 0x059f0000, 0x05d70000)
 tenured generation   total 72396K, used 43435K [0x18f50000, 0x1d603000, 0x43a00000)
   the space 72396K,  59% used [0x18f50000, 0x1b9baff8, 0x1b9bb000, 0x1d603000)
 Metaspace       used 35957K, capacity 37100K, committed 37248K, reserved 37248K
}
Event: 38.818 GC heap before
{Heap before GC invocations=107 (full 5):
 def new generation   total 32704K, used 29120K [0x03a00000, 0x05d70000, 0x18f50000)
  eden space 29120K, 100% used [0x03a00000, 0x05670000, 0x05670000)
  from space 3584K,   0% used [0x05670000, 0x05670000, 0x059f0000)
  to   space 3584K,   0% used [0x059f0000, 0x059f0000, 0x05d70000)
 tenured generation   total 72396K, used 43435K [0x18f50000, 0x1d603000, 0x43a00000)
   the space 72396K,  59% used [0x18f50000, 0x1b9baff8, 0x1b9bb000, 0x1d603000)
 Metaspace       used 36108K, capacity 37272K, committed 37376K, reserved 38272K
Event: 38.843 GC heap after
Heap after GC invocations=108 (full 5):
 def new generation   total 32704K, used 3584K [0x03a00000, 0x05d70000, 0x18f50000)
  eden space 29120K,   0% used [0x03a00000, 0x03a00000, 0x05670000)
  from space 3584K, 100% used [0x059f0000, 0x05d70000, 0x05d70000)
  to   space 3584K,   0% used [0x05670000, 0x05670000, 0x059f0000)
 tenured generation   total 72396K, used 45651K [0x18f50000, 0x1d603000, 0x43a00000)
   the space 72396K,  63% used [0x18f50000, 0x1bbe4d18, 0x1bbe4e00, 0x1d603000)
 Metaspace       used 36108K, capacity 37272K, committed 37376K, reserved 38272K
}

